[0m13:57:21.110687 [debug] [MainThread]: Sending event: {'category': 'dbt', 'action': 'invocation', 'label': 'start', 'context': [<snowplow_tracker.self_describing_json.SelfDescribingJson object at 0x103ed3f80>, <snowplow_tracker.self_describing_json.SelfDescribingJson object at 0x111b1d250>, <snowplow_tracker.self_describing_json.SelfDescribingJson object at 0x111b1cdd0>]}


============================== 13:57:21.128753 | a070f5d0-1753-4f82-b36e-7b3840254e02 ==============================
[0m13:57:21.128753 [info ] [MainThread]: Running with dbt=1.11.7
[0m13:57:21.129055 [debug] [MainThread]: running dbt with arguments {'use_colors': 'True', 'no_print': 'None', 'debug': 'False', 'printer_width': '80', 'log_format': 'default', 'quiet': 'False', 'warn_error': 'None', 'log_cache_events': 'False', 'send_anonymous_usage_stats': 'True', 'write_json': 'True', 'partial_parse': 'True', 'profiles_dir': '/Users/benzenesea/.dbt', 'introspect': 'True', 'static_parser': 'True', 'empty': 'None', 'warn_error_options': 'WarnErrorOptionsV2(error=[], warn=[], silence=[])', 'target_path': 'None', 'invocation_command': 'dbt init hiv_analytics', 'indirect_selection': 'eager', 'cache_selected_only': 'False', 'fail_fast': 'False', 'version_check': 'True', 'use_experimental_parser': 'False', 'log_path': 'logs'}
[0m13:57:21.160409 [debug] [MainThread]: Starter project path: /Users/benzenesea/Desktop/hiv-resistance-analytics/.venv/lib/python3.12/site-packages/dbt/include/starter_project
[0m13:57:21.164312 [info ] [MainThread]: 
Your new dbt project "hiv_analytics" was created!

For more information on how to configure the profiles.yml file,
please consult the dbt documentation here:

  https://docs.getdbt.com/docs/configure-your-profile

One more thing:

Need help? Don't hesitate to reach out to us via GitHub issues or on Slack:

  https://community.getdbt.com/

Happy modeling!

[0m13:57:21.164510 [info ] [MainThread]: Setting up your profile.
[0m13:58:32.695852 [error] [MainThread]: Encountered an error:

[0m13:58:32.751117 [debug] [MainThread]: Resource report: {"command_name": "init", "command_success": false, "command_wall_clock_time": 71.68074, "process_in_blocks": "0", "process_kernel_time": 0.345676, "process_mem_max_rss": "162824192", "process_out_blocks": "0", "process_user_time": 1.719603}
[0m13:58:32.751567 [debug] [MainThread]: Command `dbt init` failed at 13:58:32.751495 after 71.68 seconds
[0m13:58:32.751818 [debug] [MainThread]: Flushing usage events
[0m13:58:35.154613 [debug] [MainThread]: Sending event: {'category': 'dbt', 'action': 'invocation', 'label': 'start', 'context': [<snowplow_tracker.self_describing_json.SelfDescribingJson object at 0x1035301a0>, <snowplow_tracker.self_describing_json.SelfDescribingJson object at 0x106142840>, <snowplow_tracker.self_describing_json.SelfDescribingJson object at 0x1061423c0>]}


============================== 13:58:35.156886 | a0229d75-5883-4352-854a-59e6126edaf2 ==============================
[0m13:58:35.156886 [info ] [MainThread]: Running with dbt=1.11.7
[0m13:58:35.157177 [debug] [MainThread]: running dbt with arguments {'quiet': 'False', 'indirect_selection': 'eager', 'fail_fast': 'False', 'invocation_command': 'dbt init hiv_analytics', 'log_format': 'default', 'debug': 'False', 'warn_error_options': 'WarnErrorOptionsV2(error=[], warn=[], silence=[])', 'empty': 'None', 'cache_selected_only': 'False', 'use_experimental_parser': 'False', 'no_print': 'None', 'version_check': 'True', 'send_anonymous_usage_stats': 'True', 'log_cache_events': 'False', 'static_parser': 'True', 'profiles_dir': '/Users/benzenesea/.dbt', 'write_json': 'True', 'printer_width': '80', 'target_path': 'None', 'use_colors': 'True', 'partial_parse': 'True', 'log_path': 'logs', 'warn_error': 'None', 'introspect': 'True'}
[0m13:58:35.162560 [info ] [MainThread]: A project called hiv_analytics already exists here.
[0m13:58:35.162911 [debug] [MainThread]: Resource report: {"command_name": "init", "command_success": true, "command_wall_clock_time": 0.048918042, "process_in_blocks": "0", "process_kernel_time": 0.129492, "process_mem_max_rss": "127549440", "process_out_blocks": "0", "process_user_time": 1.147086}
[0m13:58:35.163175 [debug] [MainThread]: Command `dbt init` succeeded at 13:58:35.163127 after 0.05 seconds
[0m13:58:35.163334 [debug] [MainThread]: Sending event: {'category': 'dbt', 'action': 'invocation', 'label': 'end', 'context': [<snowplow_tracker.self_describing_json.SelfDescribingJson object at 0x105e77cb0>, <snowplow_tracker.self_describing_json.SelfDescribingJson object at 0x1035301a0>, <snowplow_tracker.self_describing_json.SelfDescribingJson object at 0x10616ddc0>]}
[0m13:58:35.163488 [debug] [MainThread]: Flushing usage events
[0m13:58:35.271174 [debug] [MainThread]: An error was encountered while trying to flush usage events
[0m13:58:58.427629 [debug] [MainThread]: Sending event: {'category': 'dbt', 'action': 'invocation', 'label': 'start', 'context': [<snowplow_tracker.self_describing_json.SelfDescribingJson object at 0x10a1153a0>, <snowplow_tracker.self_describing_json.SelfDescribingJson object at 0x10a94abd0>, <snowplow_tracker.self_describing_json.SelfDescribingJson object at 0x10a94a780>]}


============================== 13:58:58.429624 | a46a21fd-aa31-40b7-9941-c35ad38f6113 ==============================
[0m13:58:58.429624 [info ] [MainThread]: Running with dbt=1.11.7
[0m13:58:58.429902 [debug] [MainThread]: running dbt with arguments {'use_experimental_parser': 'False', 'use_colors': 'True', 'log_format': 'default', 'warn_error': 'None', 'log_cache_events': 'False', 'cache_selected_only': 'False', 'write_json': 'True', 'partial_parse': 'True', 'indirect_selection': 'eager', 'static_parser': 'True', 'fail_fast': 'False', 'empty': 'None', 'target_path': 'None', 'profiles_dir': '/Users/benzenesea/.dbt', 'printer_width': '80', 'send_anonymous_usage_stats': 'True', 'no_print': 'None', 'version_check': 'True', 'warn_error_options': 'WarnErrorOptionsV2(error=[], warn=[], silence=[])', 'log_path': 'logs', 'quiet': 'False', 'invocation_command': 'dbt init hiv_analytics', 'introspect': 'True', 'debug': 'False'}
[0m13:58:58.434690 [info ] [MainThread]: A project called hiv_analytics already exists here.
[0m13:58:58.435010 [debug] [MainThread]: Resource report: {"command_name": "init", "command_success": true, "command_wall_clock_time": 0.04542621, "process_in_blocks": "0", "process_kernel_time": 0.110823, "process_mem_max_rss": "127614976", "process_out_blocks": "0", "process_user_time": 1.110589}
[0m13:58:58.435236 [debug] [MainThread]: Command `dbt init` succeeded at 13:58:58.435189 after 0.05 seconds
[0m13:58:58.435388 [debug] [MainThread]: Sending event: {'category': 'dbt', 'action': 'invocation', 'label': 'end', 'context': [<snowplow_tracker.self_describing_json.SelfDescribingJson object at 0x10a9ca810>, <snowplow_tracker.self_describing_json.SelfDescribingJson object at 0x10a1153a0>, <snowplow_tracker.self_describing_json.SelfDescribingJson object at 0x10a94a930>]}
[0m13:58:58.435538 [debug] [MainThread]: Flushing usage events
[0m13:58:58.543020 [debug] [MainThread]: An error was encountered while trying to flush usage events
[0m13:59:31.647884 [debug] [MainThread]: Sending event: {'category': 'dbt', 'action': 'invocation', 'label': 'start', 'context': [<snowplow_tracker.self_describing_json.SelfDescribingJson object at 0x103a444a0>, <snowplow_tracker.self_describing_json.SelfDescribingJson object at 0x10643de20>, <snowplow_tracker.self_describing_json.SelfDescribingJson object at 0x10643da90>]}


============================== 13:59:31.649942 | 5f1bf085-6772-405e-a484-977de8f8a0a8 ==============================
[0m13:59:31.649942 [info ] [MainThread]: Running with dbt=1.11.7
[0m13:59:31.650256 [debug] [MainThread]: running dbt with arguments {'use_experimental_parser': 'False', 'target_path': 'None', 'version_check': 'True', 'warn_error': 'None', 'log_path': 'logs', 'profiles_dir': '/Users/benzenesea/.dbt', 'printer_width': '80', 'use_colors': 'True', 'log_format': 'default', 'fail_fast': 'False', 'invocation_command': 'dbt init hiv_analytics', 'write_json': 'True', 'quiet': 'False', 'no_print': 'None', 'empty': 'None', 'introspect': 'True', 'send_anonymous_usage_stats': 'True', 'warn_error_options': 'WarnErrorOptionsV2(error=[], warn=[], silence=[])', 'log_cache_events': 'False', 'indirect_selection': 'eager', 'static_parser': 'True', 'debug': 'False', 'cache_selected_only': 'False', 'partial_parse': 'True'}
[0m13:59:31.654754 [debug] [MainThread]: Starter project path: /Users/benzenesea/Desktop/hiv-resistance-analytics/.venv/lib/python3.12/site-packages/dbt/include/starter_project
[0m13:59:31.657510 [info ] [MainThread]: 
Your new dbt project "hiv_analytics" was created!

For more information on how to configure the profiles.yml file,
please consult the dbt documentation here:

  https://docs.getdbt.com/docs/configure-your-profile

One more thing:

Need help? Don't hesitate to reach out to us via GitHub issues or on Slack:

  https://community.getdbt.com/

Happy modeling!

[0m13:59:31.657672 [info ] [MainThread]: Setting up your profile.
[0m13:59:38.691965 [debug] [MainThread]: Resource report: {"command_name": "init", "command_success": true, "command_wall_clock_time": 7.081496, "process_in_blocks": "0", "process_kernel_time": 0.131898, "process_mem_max_rss": "144457728", "process_out_blocks": "0", "process_user_time": 1.149417}
[0m13:59:38.692327 [debug] [MainThread]: Command `dbt init` succeeded at 13:59:38.692263 after 7.08 seconds
[0m13:59:38.692541 [debug] [MainThread]: Sending event: {'category': 'dbt', 'action': 'invocation', 'label': 'end', 'context': [<snowplow_tracker.self_describing_json.SelfDescribingJson object at 0x1063b7bf0>, <snowplow_tracker.self_describing_json.SelfDescribingJson object at 0x1056ea3f0>, <snowplow_tracker.self_describing_json.SelfDescribingJson object at 0x1056e8710>]}
[0m13:59:38.692764 [debug] [MainThread]: Flushing usage events
[0m13:59:38.802221 [debug] [MainThread]: An error was encountered while trying to flush usage events
